  stdafx.cpp
  GridCreator.cpp
  GridDrawer.cpp
E:\Github\Portfolio\GridDrawer\GridDrawer\GridDrawer.cpp(42,16): warning C4244: 'initializing': conversion from 'double' to 'float', possible loss of data
E:\Github\Portfolio\GridDrawer\GridDrawer\GridDrawer.cpp(43,16): warning C4244: 'initializing': conversion from 'double' to 'float', possible loss of data
E:\Github\Portfolio\GridDrawer\GridDrawer\GridDrawer.cpp(54,33): warning C4244: 'argument': conversion from 'float' to 'const unsigned __int64', possible loss of data
E:\Github\Portfolio\GridDrawer\GridDrawer\GridDrawer.cpp(57,28): warning C4305: 'argument': truncation from 'double' to 'GLfloat'
E:\Github\Portfolio\GridDrawer\GridDrawer\GridDrawer.cpp(141,33): warning C4244: 'argument': conversion from 'int' to '_Ty', possible loss of data
          with
          [
              _Ty=float
          ]
E:\Github\Portfolio\GridDrawer\GridDrawer\GridDrawer.cpp(145,33): warning C4244: 'argument': conversion from 'int' to '_Ty', possible loss of data
          with
          [
              _Ty=float
          ]
  Generating Code...
     Creating library E:\Github\Portfolio\GridDrawer\x64\Debug\GridDrawer.lib and object E:\Github\Portfolio\GridDrawer\x64\Debug\GridDrawer.exp
  GridDrawer.vcxproj -> E:\Github\Portfolio\GridDrawer\x64\Debug\GridDrawer.exe
