C:\Program Files\Microsoft Visual Studio\2022\Professional\MSBuild\Microsoft\VC\v170\Microsoft.CppBuild.targets(514,5): warning MSB8028: The intermediate directory (x64\Debug\) contains files shared from another project (GridDrawer.vcxproj).  This can lead to incorrect clean and rebuild behavior.
  Pathfinding.cpp
E:\Github\Portfolio\Pathfinding\Pathfinding\Pathfinding.cpp(39,16): warning C4244: 'initializing': conversion from 'double' to 'float', possible loss of data
E:\Github\Portfolio\Pathfinding\Pathfinding\Pathfinding.cpp(40,16): warning C4244: 'initializing': conversion from 'double' to 'float', possible loss of data
E:\Github\Portfolio\Pathfinding\Pathfinding\Pathfinding.cpp(51,25): warning C4244: 'argument': conversion from 'float' to 'const unsigned __int64', possible loss of data
E:\Github\Portfolio\Pathfinding\Pathfinding\Pathfinding.cpp(61,29): warning C4305: 'argument': truncation from 'double' to 'GLfloat'
E:\Github\Portfolio\Pathfinding\Pathfinding\Pathfinding.cpp(66,29): warning C4305: 'argument': truncation from 'double' to 'GLfloat'
E:\Github\Portfolio\Pathfinding\Pathfinding\Pathfinding.cpp(68,30): warning C4305: 'argument': truncation from 'double' to 'GLfloat'
E:\Github\Portfolio\Pathfinding\Pathfinding\Pathfinding.cpp(74,29): warning C4305: 'argument': truncation from 'double' to 'GLfloat'
E:\Github\Portfolio\Pathfinding\Pathfinding\Pathfinding.cpp(77,30): warning C4305: 'argument': truncation from 'double' to 'GLfloat'
E:\Github\Portfolio\Pathfinding\Pathfinding\Pathfinding.cpp(83,30): warning C4305: 'argument': truncation from 'double' to 'GLfloat'
E:\Github\Portfolio\Pathfinding\Pathfinding\Pathfinding.cpp(88,29): warning C4305: 'argument': truncation from 'double' to 'GLfloat'
E:\Github\Portfolio\Pathfinding\Pathfinding\Pathfinding.cpp(93,29): warning C4305: 'argument': truncation from 'double' to 'GLfloat'
E:\Github\Portfolio\Pathfinding\Pathfinding\Pathfinding.cpp(98,29): warning C4305: 'argument': truncation from 'double' to 'GLfloat'
E:\Github\Portfolio\Pathfinding\Pathfinding\Pathfinding.cpp(207,56): warning C4244: 'argument': conversion from 'int' to 'float', possible loss of data
E:\Github\Portfolio\Pathfinding\Pathfinding\Pathfinding.cpp(207,45): warning C4244: 'argument': conversion from 'int' to 'float', possible loss of data
E:\Github\Portfolio\Pathfinding\Pathfinding\Pathfinding.cpp(250,54): warning C4244: 'argument': conversion from 'Sint32' to 'float', possible loss of data
E:\Github\Portfolio\Pathfinding\Pathfinding\Pathfinding.cpp(250,38): warning C4244: 'argument': conversion from 'Sint32' to 'float', possible loss of data
E:\Github\Portfolio\Pathfinding\Pathfinding\Pathfinding.cpp(256,54): warning C4244: 'argument': conversion from 'Sint32' to 'float', possible loss of data
E:\Github\Portfolio\Pathfinding\Pathfinding\Pathfinding.cpp(256,38): warning C4244: 'argument': conversion from 'Sint32' to 'float', possible loss of data
E:\Github\Portfolio\Pathfinding\Pathfinding\Pathfinding.cpp(262,54): warning C4244: 'argument': conversion from 'Sint32' to 'float', possible loss of data
E:\Github\Portfolio\Pathfinding\Pathfinding\Pathfinding.cpp(262,38): warning C4244: 'argument': conversion from 'Sint32' to 'float', possible loss of data
  Pathfinding.vcxproj -> E:\Github\Portfolio\Pathfinding\x64\Debug\Pathfinding.exe
